<?xml version="1.0" encoding="UTF-8"?>
<!-- Generated by org.testng.reporters.JUnitXMLReporter -->
<testsuite ignored="0" hostname="MHYD68B8E0D5" failures="0" tests="4" name="Surefire test" time="0.584" errors="0" timestamp="2023-05-29T14:30:21 IST">
  <testcase classname="com.test.FirstTest" name="falseTest on falseTest(com.test.FirstTest)" time="0.0">
    <skipped/>
  </testcase> <!-- falseTest on falseTest(com.test.FirstTest) -->
  <testcase classname="com.test.FirstTest" name="emptyTest on emptyTest(com.test.FirstTest)" time="0.083"/>
  <testcase classname="com.test.FirstTest" name="disabledTest on disabledTest(com.test.FirstTest)" time="0.0">
    <skipped/>
  </testcase> <!-- disabledTest on disabledTest(com.test.FirstTest) -->
  <testcase classname="com.test.FirstTest" name="trueTest on trueTest(com.test.FirstTest)" time="0.128"/>
</testsuite> <!-- Surefire test -->
