<?xml version="1.0" encoding="UTF-8"?>
<testsuite xmlns:xsi="http://www.w3.org/2001/XMLSchema-instance" xsi:noNamespaceSchemaLocation="https://maven.apache.org/surefire/maven-surefire-plugin/xsd/surefire-test-report-3.0.xsd" version="3.0" name="com.test.FirstTest" time="1.2" tests="4" errors="0" skipped="2" failures="0">
  <properties>
[...]
</properties>
  <testcase name="falseTest on falseTest(com.test.FirstTest)" classname="com.test.FirstTest" time="0">
    <skipped/>
    <system-err><![CDATA[SLF4J: Failed to load class "org.slf4j.impl.StaticLoggerBinder".
SLF4J: Defaulting to no-operation (NOP) logger implementation
SLF4J: See http://www.slf4j.org/codes.html#StaticLoggerBinder for further details.
]]></system-err>
  </testcase>
  <testcase name="emptyTest on emptyTest(com.test.FirstTest)" classname="com.test.FirstTest" time="0.032">
    <system-out><![CDATA[Empty test
]]></system-out>
  </testcase>
  <testcase name="disabledTest on disabledTest(com.test.FirstTest)" classname="com.test.FirstTest" time="0">
    <skipped/>
  </testcase>
  <testcase name="trueTest on trueTest(com.test.FirstTest)" classname="com.test.FirstTest" time="0"/>
</testsuite>